2021-03-31 08:49:23: <   info> hardware: (324c) : HardWareInit =>
2021-03-31 08:49:23: <   info> hardware: (324c) : HardWareInit VER:WIN_KT_NJGYPCC_1.0.8
2021-03-31 08:49:23: <   info> hardware: (324c) : dll path:
2021-03-31 08:49:23: <   info> hardware: (324c) : D:/golang/myaddon/build/Release
2021-03-31 08:49:23: <   info> hardware: (324c) : HardWareInit inijs:{"System":{"authorization_code":"754a0b2598ffa1839ea165829918396d1a06967e7de87304"}, 								   "CoinDevType":{"coin_type":"-1","national_cny":"1","serial_coin_in":"COM1","include_coin_out_half":"1","include_coin_out_one":"1","box_coin_out_one":"1","serial_coin_out_half":"2","serial_coin_out_one":"3"}, 								   "CashInDevType":{"cash_in_type":"-1","serial_cash_in":"COM1","cash_accept":"63","cash_model":"0"}, 								   "CashOutDevType":{"cash_out_type":"-1","serial_cash_out":"COM1","cashbox_num":"2","cashbox0_money_type":"20","cashbox1_money_type":"5","cashbox2_money_type":"-1","cashbox3_money_type":"-1","cashbox4_money_type":"-1","cashbox5_money_type":"-1","cashbox0_ID":"137","cashbox1_ID":"134","cashbox2_ID":"-1","cashbox3_ID":"-1","cashbox4_ID":"-1","cashbox5_ID":"-1","country_currentcy":"0"}, 								   "UnionDevType":{"union_type":"-1","serial_union":"COM1","union_zhongyu":"1","union_BsweepC":"0"}, 								   "PrinterDevType":{"printer_type":"-1","serial_printer":"COM1","baudrate_printer":"19200"}, 								   "ICcardDevType":{"iCcard_type":"2","serial_iccard":"2", "serial_Type":"0"}, 								   "SensorDevType":{"SensorDev_Type":"-1","serial_sensor":"COM1"}, 								   "TrafficDevType":{"traffic_type":"-1","serial_traffic":"COM1", "industrycode_traffic":"01", "usercode_traffic":"01", "deviceid_traffic":"01", "units_traffic":"01"}, 								   "LockDevType":{"LockDev_Type":"-1","serial_lock":"COM1"} }
2021-03-31 08:49:23: <   info> hardware: (324c) : HardWareInit result:{"data":[{"dev_name":"coin","init_msg":"不包含硬币器模块","init_result":false},{"dev_name":"printer","init_msg":"不包含打印机模块","init_result":false},{"dev_name":"traffic","init_msg":"不包含交通卡模块","init_result":false},{"dev_name":"icCard","init_msg":"IC读卡器库加载失败","init_result":false},{"dev_name":"lock","init_msg":"不包含锁模块","init_result":false},{"dev_name":"sensor","init_msg":"不包含传感器模块","init_result":false},{"dev_name":"cashin","init_msg":"不包含纸币接收器模块","init_result":false}],"result_code":-1,"result_msg":"硬件初始化失败！"}

2021-03-31 08:49:23: <   info> hardware: (324c) : TrafficEnable =>
2021-03-31 08:49:23: <   info> hardware: (324c) : TrafficEnable(100) result:{"result_code":-39,"result_msg":"交通卡初始化失败","traffic_error_code":-2,"traffic_error_msg":"交通卡通讯失败"}

2021-03-31 08:49:23: <   info> hardware: (324c) : TrafficReadLog =>
2021-03-31 08:49:23: <   info> hardware: (324c) : TrafficReadLog() result:{"result_code":-39,"result_msg":"交通卡初始化失败","traffic_error_code":-2,"traffic_error_msg":"交通卡通讯失败"}

2021-03-31 08:49:53: <   info> hardware: (324c) : HardWareEnd =>
2021-03-31 08:51:43: <   info> hardware: (324c) : HardWareEnd => 1
2021-03-31 08:51:43: <   info> hardware: (324c) : HardWareEnd => 2
2021-03-31 08:51:43: <   info> hardware: (324c) : HardWareEnd => 3
2021-03-31 08:51:43: <   info> hardware: (324c) : HardWareEnd => 4
2021-03-31 08:51:43: <   info> hardware: (324c) : HardWareEnd result:{"result_code":0,"result_msg":"success"}

2021-03-31 08:51:46: <   info> hardware: (2948) : HardWareInit =>
2021-03-31 08:51:46: <   info> hardware: (2948) : HardWareInit VER:WIN_KT_NJGYPCC_1.0.8
2021-03-31 08:51:46: <   info> hardware: (2948) : dll path:
2021-03-31 08:51:46: <   info> hardware: (2948) : D:/golang/myaddon/build/Release
2021-03-31 08:51:46: <   info> hardware: (2948) : HardWareInit inijs:{"System":{"authorization_code":"754a0b2598ffa1839ea165829918396d1a06967e7de87304"}, 								   "CoinDevType":{"coin_type":"-1","national_cny":"1","serial_coin_in":"COM1","include_coin_out_half":"1","include_coin_out_one":"1","box_coin_out_one":"1","serial_coin_out_half":"2","serial_coin_out_one":"3"}, 								   "CashInDevType":{"cash_in_type":"-1","serial_cash_in":"COM1","cash_accept":"63","cash_model":"0"}, 								   "CashOutDevType":{"cash_out_type":"-1","serial_cash_out":"COM1","cashbox_num":"2","cashbox0_money_type":"20","cashbox1_money_type":"5","cashbox2_money_type":"-1","cashbox3_money_type":"-1","cashbox4_money_type":"-1","cashbox5_money_type":"-1","cashbox0_ID":"137","cashbox1_ID":"134","cashbox2_ID":"-1","cashbox3_ID":"-1","cashbox4_ID":"-1","cashbox5_ID":"-1","country_currentcy":"0"}, 								   "UnionDevType":{"union_type":"-1","serial_union":"COM1","union_zhongyu":"1","union_BsweepC":"0"}, 								   "PrinterDevType":{"printer_type":"-1","serial_printer":"COM1","baudrate_printer":"19200"}, 								   "ICcardDevType":{"iCcard_type":"2","serial_iccard":"2", "serial_Type":"0"}, 								   "SensorDevType":{"SensorDev_Type":"-1","serial_sensor":"COM1"}, 								   "TrafficDevType":{"traffic_type":"-1","serial_traffic":"COM1", "industrycode_traffic":"01", "usercode_traffic":"01", "deviceid_traffic":"01", "units_traffic":"01"}, 								   "LockDevType":{"LockDev_Type":"-1","serial_lock":"COM1"} }
2021-03-31 08:51:46: <   info> hardware: (2948) : HardWareInit 创建读卡器线程
2021-03-31 08:51:46: <   info> hardware: (4264) : callGoThread in thread deviceName:icCard
2021-03-31 08:51:46: <   info> hardware: (2948) : HardWareInit result:{"data":[{"dev_name":"coin","init_msg":"不包含硬币器模块","init_result":false},{"dev_name":"printer","init_msg":"不包含打印机模块","init_result":false},{"dev_name":"traffic","init_msg":"不包含交通卡模块","init_result":false},{"dev_name":"icCard","init_msg":"IC读卡器初始化成功","init_result":true},{"dev_name":"lock","init_msg":"不包含锁模块","init_result":false},{"dev_name":"sensor","init_msg":"不包含传感器模块","init_result":false},{"dev_name":"cashin","init_msg":"不包含纸币接收器模块","init_result":false}],"result_code":0,"result_msg":"success"}

2021-03-31 08:51:46: <   info> hardware: (2948) : TrafficEnable =>
2021-03-31 08:51:46: <   info> hardware: (2948) : TrafficEnable(100) result:{"result_code":-39,"result_msg":"交通卡初始化失败","traffic_error_code":-2,"traffic_error_msg":"交通卡通讯失败"}

2021-03-31 08:51:46: <   info> hardware: (2948) : TrafficReadLog =>
2021-03-31 08:51:46: <   info> hardware: (2948) : TrafficReadLog() result:{"result_code":-39,"result_msg":"交通卡初始化失败","traffic_error_code":-2,"traffic_error_msg":"交通卡通讯失败"}

2021-03-31 08:52:16: <   info> hardware: (2948) : HardWareEnd =>
2021-03-31 08:52:16: <   info> hardware: (2948) : HardWareEnd => 1
2021-03-31 08:52:16: <   info> hardware: (2948) : HardWareEnd => ready to exit icCard thread
2021-03-31 08:52:16: <   info> hardware: (2948) : HardWareEnd => wait for exit icCard thread
2021-03-31 08:52:17: <   info> hardware: (4264) : callGoThread icCard
2021-03-31 08:52:17: <   info> hardware: (4264) : callGoThread out thread deviceName:icCard
2021-03-31 08:52:17: <   info> hardware: (2948) : HardWareEnd => exited icCard thread.
2021-03-31 08:52:18: <   info> hardware: (2948) : HardWareEnd => 2
2021-03-31 08:52:18: <   info> hardware: (2948) : HardWareEnd => 3
2021-03-31 08:52:18: <   info> hardware: (2948) : HardWareEnd => 4
2021-03-31 08:52:18: <   info> hardware: (2948) : HardWareEnd result:{"result_code":0,"result_msg":"success"}

2021-03-31 08:52:18: <   info> hardware: (2948) : afterGoTread 1
2021-03-31 08:52:18: <   info> hardware: (2948) : freeGoThreadData 1
2021-03-31 08:52:18: <   info> hardware: (2948) : freeGoThreadData 2
2021-03-31 08:52:18: <   info> hardware: (2948) : afterGoTread 2
2021-03-31 08:53:40: <   info> hardware: (4308) : HardWareInit =>
2021-03-31 08:53:40: <   info> hardware: (4308) : HardWareInit VER:WIN_KT_NJGYPCC_1.0.8
2021-03-31 08:53:40: <   info> hardware: (4308) : dll path:
2021-03-31 08:53:40: <   info> hardware: (4308) : D:/golang/myaddon/build/Release
2021-03-31 08:53:40: <   info> hardware: (4308) : HardWareInit inijs:{"System":{"authorization_code":"754a0b2598ffa1839ea165829918396d1a06967e7de87304"}, 								   "CoinDevType":{"coin_type":"-1","national_cny":"1","serial_coin_in":"COM1","include_coin_out_half":"1","include_coin_out_one":"1","box_coin_out_one":"1","serial_coin_out_half":"2","serial_coin_out_one":"3"}, 								   "CashInDevType":{"cash_in_type":"-1","serial_cash_in":"COM1","cash_accept":"63","cash_model":"0"}, 								   "CashOutDevType":{"cash_out_type":"-1","serial_cash_out":"COM1","cashbox_num":"2","cashbox0_money_type":"20","cashbox1_money_type":"5","cashbox2_money_type":"-1","cashbox3_money_type":"-1","cashbox4_money_type":"-1","cashbox5_money_type":"-1","cashbox0_ID":"137","cashbox1_ID":"134","cashbox2_ID":"-1","cashbox3_ID":"-1","cashbox4_ID":"-1","cashbox5_ID":"-1","country_currentcy":"0"}, 								   "UnionDevType":{"union_type":"-1","serial_union":"COM1","union_zhongyu":"1","union_BsweepC":"0"}, 								   "PrinterDevType":{"printer_type":"-1","serial_printer":"COM1","baudrate_printer":"19200"}, 								   "ICcardDevType":{"iCcard_type":"2","serial_iccard":"2", "serial_Type":"0"}, 								   "SensorDevType":{"SensorDev_Type":"-1","serial_sensor":"COM1"}, 								   "TrafficDevType":{"traffic_type":"-1","serial_traffic":"COM1", "industrycode_traffic":"01", "usercode_traffic":"01", "deviceid_traffic":"01", "units_traffic":"01"}, 								   "LockDevType":{"LockDev_Type":"-1","serial_lock":"COM1"} }
2021-03-31 08:53:40: <   info> hardware: (4308) : HardWareInit 创建读卡器线程
2021-03-31 08:53:40: <   info> hardware: (4310) : callGoThread in thread deviceName:icCard
2021-03-31 08:53:41: <   info> hardware: (4308) : HardWareInit result:{"data":[{"dev_name":"coin","init_msg":"不包含硬币器模块","init_result":false},{"dev_name":"printer","init_msg":"不包含打印机模块","init_result":false},{"dev_name":"traffic","init_msg":"不包含交通卡模块","init_result":false},{"dev_name":"icCard","init_msg":"IC读卡器初始化成功","init_result":true},{"dev_name":"lock","init_msg":"不包含锁模块","init_result":false},{"dev_name":"sensor","init_msg":"不包含传感器模块","init_result":false},{"dev_name":"cashin","init_msg":"不包含纸币接收器模块","init_result":false}],"result_code":0,"result_msg":"success"}

2021-03-31 08:54:35: <   info> hardware: (1038) : HardWareInit =>
2021-03-31 08:54:35: <   info> hardware: (1038) : HardWareInit VER:WIN_KT_NJGYPCC_1.0.8
2021-03-31 08:54:35: <   info> hardware: (1038) : dll path:
2021-03-31 08:54:35: <   info> hardware: (1038) : D:/golang/myaddon/build/Release
2021-03-31 08:54:35: <   info> hardware: (1038) : HardWareInit inijs:{"System":{"authorization_code":"754a0b2598ffa1839ea165829918396d1a06967e7de87304"}, 								   "CoinDevType":{"coin_type":"-1","national_cny":"1","serial_coin_in":"COM1","include_coin_out_half":"1","include_coin_out_one":"1","box_coin_out_one":"1","serial_coin_out_half":"2","serial_coin_out_one":"3"}, 								   "CashInDevType":{"cash_in_type":"-1","serial_cash_in":"COM1","cash_accept":"63","cash_model":"0"}, 								   "CashOutDevType":{"cash_out_type":"-1","serial_cash_out":"COM1","cashbox_num":"2","cashbox0_money_type":"20","cashbox1_money_type":"5","cashbox2_money_type":"-1","cashbox3_money_type":"-1","cashbox4_money_type":"-1","cashbox5_money_type":"-1","cashbox0_ID":"137","cashbox1_ID":"134","cashbox2_ID":"-1","cashbox3_ID":"-1","cashbox4_ID":"-1","cashbox5_ID":"-1","country_currentcy":"0"}, 								   "UnionDevType":{"union_type":"-1","serial_union":"COM1","union_zhongyu":"1","union_BsweepC":"0"}, 								   "PrinterDevType":{"printer_type":"-1","serial_printer":"COM1","baudrate_printer":"19200"}, 								   "ICcardDevType":{"iCcard_type":"2","serial_iccard":"2", "serial_Type":"0"}, 								   "SensorDevType":{"SensorDev_Type":"-1","serial_sensor":"COM1"}, 								   "TrafficDevType":{"traffic_type":"-1","serial_traffic":"COM1", "industrycode_traffic":"01", "usercode_traffic":"01", "deviceid_traffic":"01", "units_traffic":"01"}, 								   "LockDevType":{"LockDev_Type":"-1","serial_lock":"COM1"} }
2021-03-31 08:54:35: <   info> hardware: (1038) : HardWareInit 创建读卡器线程
2021-03-31 08:54:35: <   info> hardware: (4010) : callGoThread in thread deviceName:icCard
2021-03-31 08:54:36: <   info> hardware: (1038) : HardWareInit result:{"data":[{"dev_name":"coin","init_msg":"不包含硬币器模块","init_result":false},{"dev_name":"printer","init_msg":"不包含打印机模块","init_result":false},{"dev_name":"traffic","init_msg":"不包含交通卡模块","init_result":false},{"dev_name":"icCard","init_msg":"IC读卡器初始化成功","init_result":true},{"dev_name":"lock","init_msg":"不包含锁模块","init_result":false},{"dev_name":"sensor","init_msg":"不包含传感器模块","init_result":false},{"dev_name":"cashin","init_msg":"不包含纸币接收器模块","init_result":false}],"result_code":0,"result_msg":"success"}

2021-03-31 08:55:20: <   info> hardware: (32f4) : HardWareInit =>
2021-03-31 08:55:20: <   info> hardware: (32f4) : HardWareInit VER:WIN_KT_NJGYPCC_1.0.8
2021-03-31 08:55:20: <   info> hardware: (32f4) : dll path:
2021-03-31 08:55:20: <   info> hardware: (32f4) : D:/golang/myaddon/build/Release
2021-03-31 08:55:20: <   info> hardware: (32f4) : HardWareInit inijs:{"System":{"authorization_code":"754a0b2598ffa1839ea165829918396d1a06967e7de87304"}, 								   "CoinDevType":{"coin_type":"-1","national_cny":"1","serial_coin_in":"COM1","include_coin_out_half":"1","include_coin_out_one":"1","box_coin_out_one":"1","serial_coin_out_half":"2","serial_coin_out_one":"3"}, 								   "CashInDevType":{"cash_in_type":"-1","serial_cash_in":"COM1","cash_accept":"63","cash_model":"0"}, 								   "CashOutDevType":{"cash_out_type":"-1","serial_cash_out":"COM1","cashbox_num":"2","cashbox0_money_type":"20","cashbox1_money_type":"5","cashbox2_money_type":"-1","cashbox3_money_type":"-1","cashbox4_money_type":"-1","cashbox5_money_type":"-1","cashbox0_ID":"137","cashbox1_ID":"134","cashbox2_ID":"-1","cashbox3_ID":"-1","cashbox4_ID":"-1","cashbox5_ID":"-1","country_currentcy":"0"}, 								   "UnionDevType":{"union_type":"-1","serial_union":"COM1","union_zhongyu":"1","union_BsweepC":"0"}, 								   "PrinterDevType":{"printer_type":"-1","serial_printer":"COM1","baudrate_printer":"19200"}, 								   "ICcardDevType":{"iCcard_type":"2","serial_iccard":"2", "serial_Type":"0"}, 								   "SensorDevType":{"SensorDev_Type":"-1","serial_sensor":"COM1"}, 								   "TrafficDevType":{"traffic_type":"-1","serial_traffic":"COM1", "industrycode_traffic":"01", "usercode_traffic":"01", "deviceid_traffic":"01", "units_traffic":"01"}, 								   "LockDevType":{"LockDev_Type":"-1","serial_lock":"COM1"} }
2021-03-31 08:55:21: <   info> hardware: (32f4) : HardWareInit 创建读卡器线程
2021-03-31 08:55:21: <   info> hardware: (43a4) : callGoThread in thread deviceName:icCard
2021-03-31 08:55:21: <   info> hardware: (32f4) : HardWareInit result:{"data":[{"dev_name":"coin","init_msg":"不包含硬币器模块","init_result":false},{"dev_name":"printer","init_msg":"不包含打印机模块","init_result":false},{"dev_name":"traffic","init_msg":"不包含交通卡模块","init_result":false},{"dev_name":"icCard","init_msg":"IC读卡器初始化成功","init_result":true},{"dev_name":"lock","init_msg":"不包含锁模块","init_result":false},{"dev_name":"sensor","init_msg":"不包含传感器模块","init_result":false},{"dev_name":"cashin","init_msg":"不包含纸币接收器模块","init_result":false}],"result_code":0,"result_msg":"success"}

2021-03-31 08:56:04: <   info> hardware: (3ab0) : HardWareInit =>
2021-03-31 08:56:04: <   info> hardware: (3ab0) : HardWareInit VER:WIN_KT_NJGYPCC_1.0.8
2021-03-31 08:56:04: <   info> hardware: (3ab0) : dll path:
2021-03-31 08:56:04: <   info> hardware: (3ab0) : D:/golang/myaddon/build/Release
2021-03-31 08:56:04: <   info> hardware: (3ab0) : HardWareInit inijs:{"System":{"authorization_code":"754a0b2598ffa1839ea165829918396d1a06967e7de87304"}, 								   "CoinDevType":{"coin_type":"-1","national_cny":"1","serial_coin_in":"COM1","include_coin_out_half":"1","include_coin_out_one":"1","box_coin_out_one":"1","serial_coin_out_half":"2","serial_coin_out_one":"3"}, 								   "CashInDevType":{"cash_in_type":"-1","serial_cash_in":"COM1","cash_accept":"63","cash_model":"0"}, 								   "CashOutDevType":{"cash_out_type":"-1","serial_cash_out":"COM1","cashbox_num":"2","cashbox0_money_type":"20","cashbox1_money_type":"5","cashbox2_money_type":"-1","cashbox3_money_type":"-1","cashbox4_money_type":"-1","cashbox5_money_type":"-1","cashbox0_ID":"137","cashbox1_ID":"134","cashbox2_ID":"-1","cashbox3_ID":"-1","cashbox4_ID":"-1","cashbox5_ID":"-1","country_currentcy":"0"}, 								   "UnionDevType":{"union_type":"-1","serial_union":"COM1","union_zhongyu":"1","union_BsweepC":"0"}, 								   "PrinterDevType":{"printer_type":"-1","serial_printer":"COM1","baudrate_printer":"19200"}, 								   "ICcardDevType":{"iCcard_type":"2","serial_iccard":"2", "serial_Type":"0"}, 								   "SensorDevType":{"SensorDev_Type":"-1","serial_sensor":"COM1"}, 								   "TrafficDevType":{"traffic_type":"-1","serial_traffic":"COM1", "industrycode_traffic":"01", "usercode_traffic":"01", "deviceid_traffic":"01", "units_traffic":"01"}, 								   "LockDevType":{"LockDev_Type":"-1","serial_lock":"COM1"} }
2021-03-31 08:56:04: <   info> hardware: (3ab0) : HardWareInit 创建读卡器线程
2021-03-31 08:56:04: <   info> hardware: (1b8c) : callGoThread in thread deviceName:icCard
2021-03-31 08:56:05: <   info> hardware: (3ab0) : HardWareInit result:{"data":[{"dev_name":"coin","init_msg":"不包含硬币器模块","init_result":false},{"dev_name":"printer","init_msg":"不包含打印机模块","init_result":false},{"dev_name":"traffic","init_msg":"不包含交通卡模块","init_result":false},{"dev_name":"icCard","init_msg":"IC读卡器初始化成功","init_result":true},{"dev_name":"lock","init_msg":"不包含锁模块","init_result":false},{"dev_name":"sensor","init_msg":"不包含传感器模块","init_result":false},{"dev_name":"cashin","init_msg":"不包含纸币接收器模块","init_result":false}],"result_code":0,"result_msg":"success"}

2021-03-31 08:57:45: <   info> hardware: (3c5c) : HardWareInit =>
2021-03-31 08:57:45: <   info> hardware: (3c5c) : HardWareInit VER:WIN_KT_NJGYPCC_1.0.8
2021-03-31 08:57:45: <   info> hardware: (3c5c) : dll path:
2021-03-31 08:57:45: <   info> hardware: (3c5c) : D:/golang/myaddon/build/Release
2021-03-31 08:57:45: <   info> hardware: (3c5c) : HardWareInit inijs:{"System":{"authorization_code":"754a0b2598ffa1839ea165829918396d1a06967e7de87304"}, 								   "CoinDevType":{"coin_type":"-1","national_cny":"1","serial_coin_in":"COM1","include_coin_out_half":"1","include_coin_out_one":"1","box_coin_out_one":"1","serial_coin_out_half":"2","serial_coin_out_one":"3"}, 								   "CashInDevType":{"cash_in_type":"-1","serial_cash_in":"COM1","cash_accept":"63","cash_model":"0"}, 								   "CashOutDevType":{"cash_out_type":"-1","serial_cash_out":"COM1","cashbox_num":"2","cashbox0_money_type":"20","cashbox1_money_type":"5","cashbox2_money_type":"-1","cashbox3_money_type":"-1","cashbox4_money_type":"-1","cashbox5_money_type":"-1","cashbox0_ID":"137","cashbox1_ID":"134","cashbox2_ID":"-1","cashbox3_ID":"-1","cashbox4_ID":"-1","cashbox5_ID":"-1","country_currentcy":"0"}, 								   "UnionDevType":{"union_type":"-1","serial_union":"COM1","union_zhongyu":"1","union_BsweepC":"0"}, 								   "PrinterDevType":{"printer_type":"-1","serial_printer":"COM1","baudrate_printer":"19200"}, 								   "ICcardDevType":{"iCcard_type":"2","serial_iccard":"2", "serial_Type":"0"}, 								   "SensorDevType":{"SensorDev_Type":"-1","serial_sensor":"COM1"}, 								   "TrafficDevType":{"traffic_type":"-1","serial_traffic":"COM1", "industrycode_traffic":"01", "usercode_traffic":"01", "deviceid_traffic":"01", "units_traffic":"01"}, 								   "LockDevType":{"LockDev_Type":"-1","serial_lock":"COM1"} }
2021-03-31 08:57:45: <   info> hardware: (3c5c) : HardWareInit result:{"data":[{"dev_name":"coin","init_msg":"不包含硬币器模块","init_result":false},{"dev_name":"printer","init_msg":"不包含打印机模块","init_result":false},{"dev_name":"traffic","init_msg":"不包含交通卡模块","init_result":false},{"dev_name":"icCard","init_msg":"IC读卡器库加载失败","init_result":false},{"dev_name":"lock","init_msg":"不包含锁模块","init_result":false},{"dev_name":"sensor","init_msg":"不包含传感器模块","init_result":false},{"dev_name":"cashin","init_msg":"不包含纸币接收器模块","init_result":false}],"result_code":-1,"result_msg":"硬件初始化失败！"}

2021-03-31 08:57:45: <   info> hardware: (3c5c) : ICcarddisable =>
2021-03-31 08:57:45: <   info> hardware: (3c5c) : ICcarddisable result:{"ICcard_error_code":-2,"ICcard_error_msg":"IC读卡器通讯失败","result_code":-39,"result_msg":"IC读卡器初始化失败"}

2021-03-31 08:57:45: <   info> hardware: (3c5c) : ICcardenable =>
2021-03-31 08:57:45: <   info> hardware: (3c5c) : ICcardenable result:{"ICcard_error_code":-2,"ICcard_error_msg":"IC读卡器通讯失败","result_code":-39,"result_msg":"IC读卡器初始化失败"}

2021-03-31 09:02:29: <   info> hardware: (42e8) : HardWareInit =>
2021-03-31 09:02:29: <   info> hardware: (42e8) : HardWareInit VER:WIN_KT_NJGYPCC_1.0.8
2021-03-31 09:02:29: <   info> hardware: (42e8) : dll path:
2021-03-31 09:02:29: <   info> hardware: (42e8) : D:/golang/myaddon/build/Release
2021-03-31 09:02:29: <   info> hardware: (42e8) : HardWareInit inijs:{"System":{"authorization_code":"754a0b2598ffa1839ea165829918396d1a06967e7de87304"}, 								   "CoinDevType":{"coin_type":"-1","national_cny":"1","serial_coin_in":"COM1","include_coin_out_half":"1","include_coin_out_one":"1","box_coin_out_one":"1","serial_coin_out_half":"2","serial_coin_out_one":"3"}, 								   "CashInDevType":{"cash_in_type":"-1","serial_cash_in":"COM1","cash_accept":"63","cash_model":"0"}, 								   "CashOutDevType":{"cash_out_type":"-1","serial_cash_out":"COM1","cashbox_num":"2","cashbox0_money_type":"20","cashbox1_money_type":"5","cashbox2_money_type":"-1","cashbox3_money_type":"-1","cashbox4_money_type":"-1","cashbox5_money_type":"-1","cashbox0_ID":"137","cashbox1_ID":"134","cashbox2_ID":"-1","cashbox3_ID":"-1","cashbox4_ID":"-1","cashbox5_ID":"-1","country_currentcy":"0"}, 								   "UnionDevType":{"union_type":"-1","serial_union":"COM1","union_zhongyu":"1","union_BsweepC":"0"}, 								   "PrinterDevType":{"printer_type":"-1","serial_printer":"COM1","baudrate_printer":"19200"}, 								   "ICcardDevType":{"iCcard_type":"2","serial_iccard":"2", "serial_Type":"0"}, 								   "SensorDevType":{"SensorDev_Type":"-1","serial_sensor":"COM1"}, 								   "TrafficDevType":{"traffic_type":"-1","serial_traffic":"COM1", "industrycode_traffic":"01", "usercode_traffic":"01", "deviceid_traffic":"01", "units_traffic":"01"}, 								   "LockDevType":{"LockDev_Type":"-1","serial_lock":"COM1"} }
2021-03-31 09:02:29: <   info> hardware: (42e8) : HardWareInit 创建读卡器线程
2021-03-31 09:02:29: <   info> hardware: (0f48) : callGoThread in thread deviceName:icCard
2021-03-31 09:02:30: <   info> hardware: (42e8) : HardWareInit result:{"data":[{"dev_name":"coin","init_msg":"不包含硬币器模块","init_result":false},{"dev_name":"printer","init_msg":"不包含打印机模块","init_result":false},{"dev_name":"traffic","init_msg":"不包含交通卡模块","init_result":false},{"dev_name":"icCard","init_msg":"IC读卡器初始化成功","init_result":true},{"dev_name":"lock","init_msg":"不包含锁模块","init_result":false},{"dev_name":"sensor","init_msg":"不包含传感器模块","init_result":false},{"dev_name":"cashin","init_msg":"不包含纸币接收器模块","init_result":false}],"result_code":0,"result_msg":"success"}

2021-03-31 09:05:57: <   info> hardware: (06dc) : HardWareInit =>
2021-03-31 09:05:57: <   info> hardware: (06dc) : HardWareInit VER:WIN_KT_NJGYPCC_1.0.8
2021-03-31 09:05:57: <   info> hardware: (06dc) : dll path:
2021-03-31 09:05:57: <   info> hardware: (06dc) : D:/golang/myaddon/build/Release
2021-03-31 09:05:57: <   info> hardware: (06dc) : HardWareInit inijs:{"System":{"authorization_code":"754a0b2598ffa1839ea165829918396d1a06967e7de87304"}, 								   "CoinDevType":{"coin_type":"-1","national_cny":"1","serial_coin_in":"COM1","include_coin_out_half":"1","include_coin_out_one":"1","box_coin_out_one":"1","serial_coin_out_half":"2","serial_coin_out_one":"3"}, 								   "CashInDevType":{"cash_in_type":"-1","serial_cash_in":"COM1","cash_accept":"63","cash_model":"0"}, 								   "CashOutDevType":{"cash_out_type":"-1","serial_cash_out":"COM1","cashbox_num":"2","cashbox0_money_type":"20","cashbox1_money_type":"5","cashbox2_money_type":"-1","cashbox3_money_type":"-1","cashbox4_money_type":"-1","cashbox5_money_type":"-1","cashbox0_ID":"137","cashbox1_ID":"134","cashbox2_ID":"-1","cashbox3_ID":"-1","cashbox4_ID":"-1","cashbox5_ID":"-1","country_currentcy":"0"}, 								   "UnionDevType":{"union_type":"-1","serial_union":"COM1","union_zhongyu":"1","union_BsweepC":"0"}, 								   "PrinterDevType":{"printer_type":"-1","serial_printer":"COM1","baudrate_printer":"19200"}, 								   "ICcardDevType":{"iCcard_type":"2","serial_iccard":"2", "serial_Type":"0"}, 								   "SensorDevType":{"SensorDev_Type":"-1","serial_sensor":"COM1"}, 								   "TrafficDevType":{"traffic_type":"-1","serial_traffic":"COM1", "industrycode_traffic":"01", "usercode_traffic":"01", "deviceid_traffic":"01", "units_traffic":"01"}, 								   "LockDevType":{"LockDev_Type":"-1","serial_lock":"COM1"} }
2021-03-31 09:05:57: <   info> hardware: (06dc) : HardWareInit result:{"data":[{"dev_name":"coin","init_msg":"不包含硬币器模块","init_result":false},{"dev_name":"printer","init_msg":"不包含打印机模块","init_result":false},{"dev_name":"traffic","init_msg":"不包含交通卡模块","init_result":false},{"dev_name":"icCard","init_msg":"IC读卡器库加载失败","init_result":false},{"dev_name":"lock","init_msg":"不包含锁模块","init_result":false},{"dev_name":"sensor","init_msg":"不包含传感器模块","init_result":false},{"dev_name":"cashin","init_msg":"不包含纸币接收器模块","init_result":false}],"result_code":-1,"result_msg":"硬件初始化失败！"}

2021-03-31 09:05:57: <   info> hardware: (06dc) : ICcarddisable =>
2021-03-31 09:05:57: <   info> hardware: (06dc) : ICcarddisable result:{"ICcard_error_code":-2,"ICcard_error_msg":"IC读卡器通讯失败","result_code":-39,"result_msg":"IC读卡器初始化失败"}

2021-03-31 09:05:57: <   info> hardware: (06dc) : ICcardenable =>
2021-03-31 09:05:57: <   info> hardware: (06dc) : ICcardenable result:{"ICcard_error_code":-2,"ICcard_error_msg":"IC读卡器通讯失败","result_code":-39,"result_msg":"IC读卡器初始化失败"}

2021-03-31 09:07:00: <   info> hardware: (1cd8) : HardWareInit =>
2021-03-31 09:07:00: <   info> hardware: (1cd8) : HardWareInit VER:WIN_KT_NJGYPCC_1.0.8
2021-03-31 09:07:00: <   info> hardware: (1cd8) : dll path:
2021-03-31 09:07:00: <   info> hardware: (1cd8) : D:/golang/myaddon/build/Release
2021-03-31 09:07:00: <   info> hardware: (1cd8) : HardWareInit inijs:{"System":{"authorization_code":"754a0b2598ffa1839ea165829918396d1a06967e7de87304"}, 								   "CoinDevType":{"coin_type":"-1","national_cny":"1","serial_coin_in":"COM1","include_coin_out_half":"1","include_coin_out_one":"1","box_coin_out_one":"1","serial_coin_out_half":"2","serial_coin_out_one":"3"}, 								   "CashInDevType":{"cash_in_type":"-1","serial_cash_in":"COM1","cash_accept":"63","cash_model":"0"}, 								   "CashOutDevType":{"cash_out_type":"-1","serial_cash_out":"COM1","cashbox_num":"2","cashbox0_money_type":"20","cashbox1_money_type":"5","cashbox2_money_type":"-1","cashbox3_money_type":"-1","cashbox4_money_type":"-1","cashbox5_money_type":"-1","cashbox0_ID":"137","cashbox1_ID":"134","cashbox2_ID":"-1","cashbox3_ID":"-1","cashbox4_ID":"-1","cashbox5_ID":"-1","country_currentcy":"0"}, 								   "UnionDevType":{"union_type":"-1","serial_union":"COM1","union_zhongyu":"1","union_BsweepC":"0"}, 								   "PrinterDevType":{"printer_type":"-1","serial_printer":"COM1","baudrate_printer":"19200"}, 								   "ICcardDevType":{"iCcard_type":"2","serial_iccard":"2", "serial_Type":"0"}, 								   "SensorDevType":{"SensorDev_Type":"-1","serial_sensor":"COM1"}, 								   "TrafficDevType":{"traffic_type":"-1","serial_traffic":"COM1", "industrycode_traffic":"01", "usercode_traffic":"01", "deviceid_traffic":"01", "units_traffic":"01"}, 								   "LockDevType":{"LockDev_Type":"-1","serial_lock":"COM1"} }
2021-03-31 09:08:57: <   info> hardware: (4068) : HardWareInit =>
2021-03-31 09:08:57: <   info> hardware: (4068) : HardWareInit VER:WIN_KT_NJGYPCC_1.0.8
2021-03-31 09:08:57: <   info> hardware: (4068) : dll path:
2021-03-31 09:08:57: <   info> hardware: (4068) : D:/golang/myaddon/build/Release
2021-03-31 09:08:57: <   info> hardware: (4068) : HardWareInit inijs:{"System":{"authorization_code":"754a0b2598ffa1839ea165829918396d1a06967e7de87304"}, 								   "CoinDevType":{"coin_type":"-1","national_cny":"1","serial_coin_in":"COM1","include_coin_out_half":"1","include_coin_out_one":"1","box_coin_out_one":"1","serial_coin_out_half":"2","serial_coin_out_one":"3"}, 								   "CashInDevType":{"cash_in_type":"-1","serial_cash_in":"COM1","cash_accept":"63","cash_model":"0"}, 								   "CashOutDevType":{"cash_out_type":"-1","serial_cash_out":"COM1","cashbox_num":"2","cashbox0_money_type":"20","cashbox1_money_type":"5","cashbox2_money_type":"-1","cashbox3_money_type":"-1","cashbox4_money_type":"-1","cashbox5_money_type":"-1","cashbox0_ID":"137","cashbox1_ID":"134","cashbox2_ID":"-1","cashbox3_ID":"-1","cashbox4_ID":"-1","cashbox5_ID":"-1","country_currentcy":"0"}, 								   "UnionDevType":{"union_type":"-1","serial_union":"COM1","union_zhongyu":"1","union_BsweepC":"0"}, 								   "PrinterDevType":{"printer_type":"-1","serial_printer":"COM1","baudrate_printer":"19200"}, 								   "ICcardDevType":{"iCcard_type":"2","serial_iccard":"2", "serial_Type":"0"}, 								   "SensorDevType":{"SensorDev_Type":"-1","serial_sensor":"COM1"}, 								   "TrafficDevType":{"traffic_type":"-1","serial_traffic":"COM1", "industrycode_traffic":"01", "usercode_traffic":"01", "deviceid_traffic":"01", "units_traffic":"01"}, 								   "LockDevType":{"LockDev_Type":"-1","serial_lock":"COM1"} }
2021-03-31 09:08:57: <   info> hardware: (4068) : HardWareInit 创建读卡器线程
2021-03-31 09:08:57: <   info> hardware: (3d40) : callGoThread in thread deviceName:icCard
2021-03-31 09:08:57: <   info> hardware: (4068) : HardWareInit result:{"data":[{"dev_name":"coin","init_msg":"不包含硬币器模块","init_result":false},{"dev_name":"printer","init_msg":"不包含打印机模块","init_result":false},{"dev_name":"traffic","init_msg":"不包含交通卡模块","init_result":false},{"dev_name":"icCard","init_msg":"IC读卡器初始化成功","init_result":true},{"dev_name":"lock","init_msg":"不包含锁模块","init_result":false},{"dev_name":"sensor","init_msg":"不包含传感器模块","init_result":false},{"dev_name":"cashin","init_msg":"不包含纸币接收器模块","init_result":false}],"result_code":0,"result_msg":"success"}

2021-03-31 09:08:57: <   info> hardware: (4068) : ICcarddisable =>
2021-03-31 09:08:57: <   info> hardware: (4068) : ICcarddisable result:{"ICcard_error_code":0,"ICcard_error_msg":"IC读卡器禁能成功！","result_code":0,"result_msg":"success"}

2021-03-31 09:08:57: <   info> hardware: (4068) : ICcardenable =>
2021-03-31 09:08:57: <   info> hardware: (4068) : ICcardenable result:{"ICcard_error_code":0,"ICcard_error_msg":"IC读卡器使能成功！","result_code":0,"result_msg":"success"}

2021-03-31 09:11:23: <   info> hardware: (3b9c) : HardWareInit =>
2021-03-31 09:11:23: <   info> hardware: (3b9c) : HardWareInit VER:WIN_KT_NJGYPCC_1.0.8
2021-03-31 09:11:23: <   info> hardware: (3b9c) : dll path:
2021-03-31 09:11:23: <   info> hardware: (3b9c) : D:/golang/myaddon/build/Release
2021-03-31 09:11:23: <   info> hardware: (3b9c) : HardWareInit inijs:{"System":{"authorization_code":"754a0b2598ffa1839ea165829918396d1a06967e7de87304"}, 								   "CoinDevType":{"coin_type":"-1","national_cny":"1","serial_coin_in":"COM1","include_coin_out_half":"1","include_coin_out_one":"1","box_coin_out_one":"1","serial_coin_out_half":"2","serial_coin_out_one":"3"}, 								   "CashInDevType":{"cash_in_type":"-1","serial_cash_in":"COM1","cash_accept":"63","cash_model":"0"}, 								   "CashOutDevType":{"cash_out_type":"-1","serial_cash_out":"COM1","cashbox_num":"2","cashbox0_money_type":"20","cashbox1_money_type":"5","cashbox2_money_type":"-1","cashbox3_money_type":"-1","cashbox4_money_type":"-1","cashbox5_money_type":"-1","cashbox0_ID":"137","cashbox1_ID":"134","cashbox2_ID":"-1","cashbox3_ID":"-1","cashbox4_ID":"-1","cashbox5_ID":"-1","country_currentcy":"0"}, 								   "UnionDevType":{"union_type":"-1","serial_union":"COM1","union_zhongyu":"1","union_BsweepC":"0"}, 								   "PrinterDevType":{"printer_type":"-1","serial_printer":"COM1","baudrate_printer":"19200"}, 								   "ICcardDevType":{"iCcard_type":"2","serial_iccard":"2", "serial_Type":"0"}, 								   "SensorDevType":{"SensorDev_Type":"-1","serial_sensor":"COM1"}, 								   "TrafficDevType":{"traffic_type":"-1","serial_traffic":"COM1", "industrycode_traffic":"01", "usercode_traffic":"01", "deviceid_traffic":"01", "units_traffic":"01"}, 								   "LockDevType":{"LockDev_Type":"-1","serial_lock":"COM1"} }
2021-03-31 09:11:23: <   info> hardware: (3b9c) : HardWareInit 创建读卡器线程
2021-03-31 09:11:23: <   info> hardware: (42a0) : callGoThread in thread deviceName:icCard
2021-03-31 09:11:23: <   info> hardware: (3b9c) : HardWareInit result:{"data":[{"dev_name":"coin","init_msg":"不包含硬币器模块","init_result":false},{"dev_name":"printer","init_msg":"不包含打印机模块","init_result":false},{"dev_name":"traffic","init_msg":"不包含交通卡模块","init_result":false},{"dev_name":"icCard","init_msg":"IC读卡器初始化成功","init_result":true},{"dev_name":"lock","init_msg":"不包含锁模块","init_result":false},{"dev_name":"sensor","init_msg":"不包含传感器模块","init_result":false},{"dev_name":"cashin","init_msg":"不包含纸币接收器模块","init_result":false}],"result_code":0,"result_msg":"success"}

2021-03-31 09:12:38: <   info> hardware: (3b18) : HardWareInit =>
2021-03-31 09:12:38: <   info> hardware: (3b18) : HardWareInit VER:WIN_KT_NJGYPCC_1.0.8
2021-03-31 09:12:38: <   info> hardware: (3b18) : dll path:
2021-03-31 09:12:38: <   info> hardware: (3b18) : D:/golang/myaddon/build/Release
2021-03-31 09:12:38: <   info> hardware: (3b18) : HardWareInit inijs:{"System":{"authorization_code":"754a0b2598ffa1839ea165829918396d1a06967e7de87304"}, 								   "CoinDevType":{"coin_type":"-1","national_cny":"1","serial_coin_in":"COM1","include_coin_out_half":"1","include_coin_out_one":"1","box_coin_out_one":"1","serial_coin_out_half":"2","serial_coin_out_one":"3"}, 								   "CashInDevType":{"cash_in_type":"-1","serial_cash_in":"COM1","cash_accept":"63","cash_model":"0"}, 								   "CashOutDevType":{"cash_out_type":"-1","serial_cash_out":"COM1","cashbox_num":"2","cashbox0_money_type":"20","cashbox1_money_type":"5","cashbox2_money_type":"-1","cashbox3_money_type":"-1","cashbox4_money_type":"-1","cashbox5_money_type":"-1","cashbox0_ID":"137","cashbox1_ID":"134","cashbox2_ID":"-1","cashbox3_ID":"-1","cashbox4_ID":"-1","cashbox5_ID":"-1","country_currentcy":"0"}, 								   "UnionDevType":{"union_type":"-1","serial_union":"COM1","union_zhongyu":"1","union_BsweepC":"0"}, 								   "PrinterDevType":{"printer_type":"-1","serial_printer":"COM1","baudrate_printer":"19200"}, 								   "ICcardDevType":{"iCcard_type":"2","serial_iccard":"2", "serial_Type":"0"}, 								   "SensorDevType":{"SensorDev_Type":"-1","serial_sensor":"COM1"}, 								   "TrafficDevType":{"traffic_type":"-1","serial_traffic":"COM1", "industrycode_traffic":"01", "usercode_traffic":"01", "deviceid_traffic":"01", "units_traffic":"01"}, 								   "LockDevType":{"LockDev_Type":"-1","serial_lock":"COM1"} }
2021-03-31 09:12:38: <   info> hardware: (3b18) : HardWareInit 创建读卡器线程
2021-03-31 09:12:38: <   info> hardware: (31c8) : callGoThread in thread deviceName:icCard
2021-03-31 09:12:39: <   info> hardware: (3b18) : HardWareInit result:{"data":[{"dev_name":"coin","init_msg":"不包含硬币器模块","init_result":false},{"dev_name":"printer","init_msg":"不包含打印机模块","init_result":false},{"dev_name":"traffic","init_msg":"不包含交通卡模块","init_result":false},{"dev_name":"icCard","init_msg":"IC读卡器初始化成功","init_result":true},{"dev_name":"lock","init_msg":"不包含锁模块","init_result":false},{"dev_name":"sensor","init_msg":"不包含传感器模块","init_result":false},{"dev_name":"cashin","init_msg":"不包含纸币接收器模块","init_result":false}],"result_code":0,"result_msg":"success"}

2021-03-31 09:16:33: <   info> hardware: (2464) : HardWareInit =>
2021-03-31 09:16:33: <   info> hardware: (2464) : HardWareInit VER:WIN_KT_NJGYPCC_1.0.8
2021-03-31 09:16:33: <   info> hardware: (2464) : dll path:
2021-03-31 09:16:33: <   info> hardware: (2464) : D:/golang/myaddon/build/Release
2021-03-31 09:16:33: <   info> hardware: (2464) : HardWareInit inijs:{"System":{"authorization_code":"754a0b2598ffa1839ea165829918396d1a06967e7de87304"}, 								   "CoinDevType":{"coin_type":"-1","national_cny":"1","serial_coin_in":"COM1","include_coin_out_half":"1","include_coin_out_one":"1","box_coin_out_one":"1","serial_coin_out_half":"2","serial_coin_out_one":"3"}, 								   "CashInDevType":{"cash_in_type":"-1","serial_cash_in":"COM1","cash_accept":"63","cash_model":"0"}, 								   "CashOutDevType":{"cash_out_type":"-1","serial_cash_out":"COM1","cashbox_num":"2","cashbox0_money_type":"20","cashbox1_money_type":"5","cashbox2_money_type":"-1","cashbox3_money_type":"-1","cashbox4_money_type":"-1","cashbox5_money_type":"-1","cashbox0_ID":"137","cashbox1_ID":"134","cashbox2_ID":"-1","cashbox3_ID":"-1","cashbox4_ID":"-1","cashbox5_ID":"-1","country_currentcy":"0"}, 								   "UnionDevType":{"union_type":"-1","serial_union":"COM1","union_zhongyu":"1","union_BsweepC":"0"}, 								   "PrinterDevType":{"printer_type":"-1","serial_printer":"COM1","baudrate_printer":"19200"}, 								   "ICcardDevType":{"iCcard_type":"2","serial_iccard":"2", "serial_Type":"0"}, 								   "SensorDevType":{"SensorDev_Type":"-1","serial_sensor":"COM1"}, 								   "TrafficDevType":{"traffic_type":"-1","serial_traffic":"COM1", "industrycode_traffic":"01", "usercode_traffic":"01", "deviceid_traffic":"01", "units_traffic":"01"}, 								   "LockDevType":{"LockDev_Type":"-1","serial_lock":"COM1"} }
2021-03-31 09:16:33: <   info> hardware: (2464) : HardWareInit 创建读卡器线程
2021-03-31 09:16:33: <   info> hardware: (4054) : callGoThread in thread deviceName:icCard
2021-03-31 09:16:33: <   info> hardware: (2464) : HardWareInit result:{"data":[{"dev_name":"coin","init_msg":"不包含硬币器模块","init_result":false},{"dev_name":"printer","init_msg":"不包含打印机模块","init_result":false},{"dev_name":"traffic","init_msg":"不包含交通卡模块","init_result":false},{"dev_name":"icCard","init_msg":"IC读卡器初始化成功","init_result":true},{"dev_name":"lock","init_msg":"不包含锁模块","init_result":false},{"dev_name":"sensor","init_msg":"不包含传感器模块","init_result":false},{"dev_name":"cashin","init_msg":"不包含纸币接收器模块","init_result":false}],"result_code":0,"result_msg":"success"}

2021-03-31 09:19:36: <   info> hardware: (41e8) : HardWareInit =>
2021-03-31 09:19:36: <   info> hardware: (41e8) : HardWareInit VER:WIN_KT_NJGYPCC_1.0.8
2021-03-31 09:19:36: <   info> hardware: (41e8) : dll path:
2021-03-31 09:19:36: <   info> hardware: (41e8) : D:/golang/myaddon/build/Release
2021-03-31 09:19:36: <   info> hardware: (41e8) : HardWareInit inijs:{"System":{"authorization_code":"754a0b2598ffa1839ea165829918396d1a06967e7de87304"}, 								   "CoinDevType":{"coin_type":"-1","national_cny":"1","serial_coin_in":"COM1","include_coin_out_half":"1","include_coin_out_one":"1","box_coin_out_one":"1","serial_coin_out_half":"2","serial_coin_out_one":"3"}, 								   "CashInDevType":{"cash_in_type":"-1","serial_cash_in":"COM1","cash_accept":"63","cash_model":"0"}, 								   "CashOutDevType":{"cash_out_type":"-1","serial_cash_out":"COM1","cashbox_num":"2","cashbox0_money_type":"20","cashbox1_money_type":"5","cashbox2_money_type":"-1","cashbox3_money_type":"-1","cashbox4_money_type":"-1","cashbox5_money_type":"-1","cashbox0_ID":"137","cashbox1_ID":"134","cashbox2_ID":"-1","cashbox3_ID":"-1","cashbox4_ID":"-1","cashbox5_ID":"-1","country_currentcy":"0"}, 								   "UnionDevType":{"union_type":"-1","serial_union":"COM1","union_zhongyu":"1","union_BsweepC":"0"}, 								   "PrinterDevType":{"printer_type":"-1","serial_printer":"COM1","baudrate_printer":"19200"}, 								   "ICcardDevType":{"iCcard_type":"2","serial_iccard":"2", "serial_Type":"0"}, 								   "SensorDevType":{"SensorDev_Type":"-1","serial_sensor":"COM1"}, 								   "TrafficDevType":{"traffic_type":"-1","serial_traffic":"COM1", "industrycode_traffic":"01", "usercode_traffic":"01", "deviceid_traffic":"01", "units_traffic":"01"}, 								   "LockDevType":{"LockDev_Type":"-1","serial_lock":"COM1"} }
2021-03-31 09:19:36: <   info> hardware: (41e8) : HardWareInit 创建读卡器线程
2021-03-31 09:19:36: <   info> hardware: (1bac) : callGoThread in thread deviceName:icCard
2021-03-31 09:19:36: <   info> hardware: (41e8) : HardWareInit result:{"data":[{"dev_name":"coin","init_msg":"不包含硬币器模块","init_result":false},{"dev_name":"printer","init_msg":"不包含打印机模块","init_result":false},{"dev_name":"traffic","init_msg":"不包含交通卡模块","init_result":false},{"dev_name":"icCard","init_msg":"IC读卡器初始化成功","init_result":true},{"dev_name":"lock","init_msg":"不包含锁模块","init_result":false},{"dev_name":"sensor","init_msg":"不包含传感器模块","init_result":false},{"dev_name":"cashin","init_msg":"不包含纸币接收器模块","init_result":false}],"result_code":0,"result_msg":"success"}

2021-03-31 10:24:15: <   info> hardware: (4054) : HardWareInit =>
2021-03-31 10:24:15: <   info> hardware: (4054) : HardWareInit VER:WIN_KT_NJGYPCC_1.0.8
2021-03-31 10:24:15: <   info> hardware: (4054) : dll path:
2021-03-31 10:24:15: <   info> hardware: (4054) : D:/golang/myaddon/build/Release
2021-03-31 10:24:15: <   info> hardware: (4054) : HardWareInit inijs:{"System":{"authorization_code":"754a0b2598ffa1839ea165829918396d1a06967e7de87304"}, 								   "CoinDevType":{"coin_type":"-1","national_cny":"1","serial_coin_in":"COM1","include_coin_out_half":"1","include_coin_out_one":"1","box_coin_out_one":"1","serial_coin_out_half":"2","serial_coin_out_one":"3"}, 								   "CashInDevType":{"cash_in_type":"-1","serial_cash_in":"COM1","cash_accept":"63","cash_model":"0"}, 								   "CashOutDevType":{"cash_out_type":"-1","serial_cash_out":"COM1","cashbox_num":"2","cashbox0_money_type":"20","cashbox1_money_type":"5","cashbox2_money_type":"-1","cashbox3_money_type":"-1","cashbox4_money_type":"-1","cashbox5_money_type":"-1","cashbox0_ID":"137","cashbox1_ID":"134","cashbox2_ID":"-1","cashbox3_ID":"-1","cashbox4_ID":"-1","cashbox5_ID":"-1","country_currentcy":"0"}, 								   "UnionDevType":{"union_type":"-1","serial_union":"COM1","union_zhongyu":"1","union_BsweepC":"0"}, 								   "PrinterDevType":{"printer_type":"-1","serial_printer":"COM1","baudrate_printer":"19200"}, 								   "ICcardDevType":{"iCcard_type":"2","serial_iccard":"2", "serial_Type":"0"}, 								   "SensorDevType":{"SensorDev_Type":"-1","serial_sensor":"COM1"}, 								   "TrafficDevType":{"traffic_type":"-1","serial_traffic":"COM1", "industrycode_traffic":"01", "usercode_traffic":"01", "deviceid_traffic":"01", "units_traffic":"01"}, 								   "LockDevType":{"LockDev_Type":"-1","serial_lock":"COM1"} }
2021-03-31 10:24:16: <   info> hardware: (4054) : HardWareInit 创建读卡器线程
2021-03-31 10:24:16: <   info> hardware: (3578) : callGoThread in thread deviceName:icCard
2021-03-31 10:24:16: <   info> hardware: (4054) : HardWareInit result:{"data":[{"dev_name":"coin","init_msg":"不包含硬币器模块","init_result":false},{"dev_name":"printer","init_msg":"不包含打印机模块","init_result":false},{"dev_name":"traffic","init_msg":"不包含交通卡模块","init_result":false},{"dev_name":"icCard","init_msg":"IC读卡器初始化成功","init_result":true},{"dev_name":"lock","init_msg":"不包含锁模块","init_result":false},{"dev_name":"sensor","init_msg":"不包含传感器模块","init_result":false},{"dev_name":"cashin","init_msg":"不包含纸币接收器模块","init_result":false}],"result_code":0,"result_msg":"success"}

2021-03-31 10:24:16: <   info> hardware: (4054) : ICcarddisable =>
2021-03-31 10:24:16: <   info> hardware: (4054) : ICcarddisable result:{"ICcard_error_code":0,"ICcard_error_msg":"IC读卡器禁能成功！","result_code":0,"result_msg":"success"}

2021-03-31 10:24:16: <   info> hardware: (4054) : ICcardenable =>
2021-03-31 10:24:16: <   info> hardware: (4054) : ICcardenable result:{"ICcard_error_code":0,"ICcard_error_msg":"IC读卡器使能成功！","result_code":0,"result_msg":"success"}

2021-03-31 13:15:56: <   info> hardware: (2a74) : HardWareInit =>
2021-03-31 13:15:56: <   info> hardware: (2a74) : HardWareInit VER:WIN_KT_NJGYPCC_1.0.8
2021-03-31 13:15:56: <   info> hardware: (2a74) : dll path:
2021-03-31 13:15:56: <   info> hardware: (2a74) : D:/golang/myaddon/build/Release
2021-03-31 13:15:56: <   info> hardware: (2a74) : HardWareInit inijs:{"System":{"authorization_code":"754a0b2598ffa1839ea165829918396d1a06967e7de87304"}, 								   "CoinDevType":{"coin_type":"-1","national_cny":"1","serial_coin_in":"COM1","include_coin_out_half":"1","include_coin_out_one":"1","box_coin_out_one":"1","serial_coin_out_half":"2","serial_coin_out_one":"3"}, 								   "CashInDevType":{"cash_in_type":"-1","serial_cash_in":"COM1","cash_accept":"63","cash_model":"0"}, 								   "CashOutDevType":{"cash_out_type":"-1","serial_cash_out":"COM1","cashbox_num":"2","cashbox0_money_type":"20","cashbox1_money_type":"5","cashbox2_money_type":"-1","cashbox3_money_type":"-1","cashbox4_money_type":"-1","cashbox5_money_type":"-1","cashbox0_ID":"137","cashbox1_ID":"134","cashbox2_ID":"-1","cashbox3_ID":"-1","cashbox4_ID":"-1","cashbox5_ID":"-1","country_currentcy":"0"}, 								   "UnionDevType":{"union_type":"-1","serial_union":"COM1","union_zhongyu":"1","union_BsweepC":"0"}, 								   "PrinterDevType":{"printer_type":"-1","serial_printer":"COM1","baudrate_printer":"19200"}, 								   "ICcardDevType":{"iCcard_type":"2","serial_iccard":"2", "serial_Type":"0"}, 								   "SensorDevType":{"SensorDev_Type":"-1","serial_sensor":"COM1"}, 								   "TrafficDevType":{"traffic_type":"-1","serial_traffic":"COM1", "industrycode_traffic":"01", "usercode_traffic":"01", "deviceid_traffic":"01", "units_traffic":"01"}, 								   "LockDevType":{"LockDev_Type":"-1","serial_lock":"COM1"} }
2021-03-31 13:15:57: <   info> hardware: (2a74) : HardWareInit 创建读卡器线程
2021-03-31 13:15:57: <   info> hardware: (444c) : callGoThread in thread deviceName:icCard
2021-03-31 13:15:57: <   info> hardware: (2a74) : HardWareInit result:{"data":[{"dev_name":"coin","init_msg":"不包含硬币器模块","init_result":false},{"dev_name":"printer","init_msg":"不包含打印机模块","init_result":false},{"dev_name":"traffic","init_msg":"不包含交通卡模块","init_result":false},{"dev_name":"icCard","init_msg":"IC读卡器初始化成功","init_result":true},{"dev_name":"lock","init_msg":"不包含锁模块","init_result":false},{"dev_name":"sensor","init_msg":"不包含传感器模块","init_result":false},{"dev_name":"cashin","init_msg":"不包含纸币接收器模块","init_result":false}],"result_code":0,"result_msg":"success"}

2021-03-31 13:15:57: <   info> hardware: (2a74) : ICcarddisable =>
2021-03-31 13:15:57: <   info> hardware: (2a74) : ICcarddisable result:{"ICcard_error_code":0,"ICcard_error_msg":"IC读卡器禁能成功！","result_code":0,"result_msg":"success"}

2021-03-31 13:15:57: <   info> hardware: (2a74) : ICcardenable =>
2021-03-31 13:15:57: <   info> hardware: (2a74) : ICcardenable result:{"ICcard_error_code":0,"ICcard_error_msg":"IC读卡器使能成功！","result_code":0,"result_msg":"success"}

2021-03-31 13:28:18: <   info> hardware: (0fb4) : HardWareInit =>
2021-03-31 13:28:18: <   info> hardware: (0fb4) : HardWareInit VER:WIN_KT_NJGYPCC_1.0.8
2021-03-31 13:28:18: <   info> hardware: (0fb4) : dll path:
2021-03-31 13:28:18: <   info> hardware: (0fb4) : D:/golang/myaddon/build/Release
2021-03-31 13:28:18: <   info> hardware: (0fb4) : HardWareInit inijs:{"System":{"authorization_code":"754a0b2598ffa1839ea165829918396d1a06967e7de87304"}, 								   "CoinDevType":{"coin_type":"-1","national_cny":"1","serial_coin_in":"COM1","include_coin_out_half":"1","include_coin_out_one":"1","box_coin_out_one":"1","serial_coin_out_half":"2","serial_coin_out_one":"3"}, 								   "CashInDevType":{"cash_in_type":"-1","serial_cash_in":"COM1","cash_accept":"63","cash_model":"0"}, 								   "CashOutDevType":{"cash_out_type":"-1","serial_cash_out":"COM1","cashbox_num":"2","cashbox0_money_type":"20","cashbox1_money_type":"5","cashbox2_money_type":"-1","cashbox3_money_type":"-1","cashbox4_money_type":"-1","cashbox5_money_type":"-1","cashbox0_ID":"137","cashbox1_ID":"134","cashbox2_ID":"-1","cashbox3_ID":"-1","cashbox4_ID":"-1","cashbox5_ID":"-1","country_currentcy":"0"}, 								   "UnionDevType":{"union_type":"-1","serial_union":"COM1","union_zhongyu":"1","union_BsweepC":"0"}, 								   "PrinterDevType":{"printer_type":"-1","serial_printer":"COM1","baudrate_printer":"19200"}, 								   "ICcardDevType":{"iCcard_type":"2","serial_iccard":"2", "serial_Type":"0"}, 								   "SensorDevType":{"SensorDev_Type":"-1","serial_sensor":"COM1"}, 								   "TrafficDevType":{"traffic_type":"-1","serial_traffic":"COM1", "industrycode_traffic":"01", "usercode_traffic":"01", "deviceid_traffic":"01", "units_traffic":"01"}, 								   "LockDevType":{"LockDev_Type":"-1","serial_lock":"COM1"} }
2021-03-31 13:28:18: <   info> hardware: (0fb4) : HardWareInit 创建读卡器线程
2021-03-31 13:28:18: <   info> hardware: (3abc) : callGoThread in thread deviceName:icCard
2021-03-31 13:28:18: <   info> hardware: (0fb4) : HardWareInit result:{"data":[{"dev_name":"coin","init_msg":"不包含硬币器模块","init_result":false},{"dev_name":"printer","init_msg":"不包含打印机模块","init_result":false},{"dev_name":"traffic","init_msg":"不包含交通卡模块","init_result":false},{"dev_name":"icCard","init_msg":"IC读卡器初始化成功","init_result":true},{"dev_name":"lock","init_msg":"不包含锁模块","init_result":false},{"dev_name":"sensor","init_msg":"不包含传感器模块","init_result":false},{"dev_name":"cashin","init_msg":"不包含纸币接收器模块","init_result":false}],"result_code":0,"result_msg":"success"}

2021-03-31 13:28:18: <   info> hardware: (0fb4) : ICcarddisable =>
2021-03-31 13:28:18: <   info> hardware: (0fb4) : ICcarddisable result:{"ICcard_error_code":0,"ICcard_error_msg":"IC读卡器禁能成功！","result_code":0,"result_msg":"success"}

2021-03-31 13:28:18: <   info> hardware: (0fb4) : ICcardenable =>
2021-03-31 13:28:18: <   info> hardware: (0fb4) : ICcardenable result:{"ICcard_error_code":0,"ICcard_error_msg":"IC读卡器使能成功！","result_code":0,"result_msg":"success"}

2021-03-31 13:55:22: <   info> hardware: (456c) : HardWareInit =>
2021-03-31 13:55:22: <   info> hardware: (456c) : HardWareInit VER:KT_NJGYPCC_WIN_1.0.9
2021-03-31 13:55:22: <   info> hardware: (456c) : dll path:
2021-03-31 13:55:22: <   info> hardware: (456c) : D:/golang/myaddon/build/Release
2021-03-31 13:55:22: <   info> hardware: (456c) : HardWareInit inijs:{"System":{"authorization_code":"754a0b2598ffa1839ea165829918396d1a06967e7de87304"}, 								   "CoinDevType":{"coin_type":"-1","national_cny":"1","serial_coin_in":"COM1","include_coin_out_half":"1","include_coin_out_one":"1","box_coin_out_one":"1","serial_coin_out_half":"2","serial_coin_out_one":"3"}, 								   "CashInDevType":{"cash_in_type":"-1","serial_cash_in":"COM1","cash_accept":"63","cash_model":"0"}, 								   "CashOutDevType":{"cash_out_type":"-1","serial_cash_out":"COM1","cashbox_num":"2","cashbox0_money_type":"20","cashbox1_money_type":"5","cashbox2_money_type":"-1","cashbox3_money_type":"-1","cashbox4_money_type":"-1","cashbox5_money_type":"-1","cashbox0_ID":"137","cashbox1_ID":"134","cashbox2_ID":"-1","cashbox3_ID":"-1","cashbox4_ID":"-1","cashbox5_ID":"-1","country_currentcy":"0"}, 								   "UnionDevType":{"union_type":"-1","serial_union":"COM1","union_zhongyu":"1","union_BsweepC":"0"}, 								   "PrinterDevType":{"printer_type":"-1","serial_printer":"COM1","baudrate_printer":"19200"}, 								   "ICcardDevType":{"iCcard_type":"2","serial_iccard":"2", "serial_Type":"0"}, 								   "SensorDevType":{"SensorDev_Type":"-1","serial_sensor":"COM1"}, 								   "TrafficDevType":{"traffic_type":"-1","serial_traffic":"COM1", "industrycode_traffic":"01", "usercode_traffic":"01", "deviceid_traffic":"01", "units_traffic":"01"}, 								   "LockDevType":{"LockDev_Type":"-1","serial_lock":"COM1"} }
2021-03-31 13:55:22: <   info> hardware: (456c) : HardWareInit 创建读卡器线程
2021-03-31 13:55:22: <   info> hardware: (1098) : callGoThread in thread deviceName:icCard
2021-03-31 13:55:22: <   info> hardware: (456c) : HardWareInit result:{"data":[{"dev_name":"coin","init_msg":"不包含硬币器模块","init_result":false},{"dev_name":"printer","init_msg":"不包含打印机模块","init_result":false},{"dev_name":"traffic","init_msg":"不包含交通卡模块","init_result":false},{"dev_name":"icCard","init_msg":"IC读卡器初始化成功","init_result":true},{"dev_name":"lock","init_msg":"不包含锁模块","init_result":false},{"dev_name":"sensor","init_msg":"不包含传感器模块","init_result":false},{"dev_name":"cashin","init_msg":"不包含纸币接收器模块","init_result":false}],"result_code":0,"result_msg":"success"}

2021-03-31 13:55:22: <   info> hardware: (456c) : ICcarddisable =>
2021-03-31 13:55:22: <   info> hardware: (456c) : ICcarddisable result:{"ICcard_error_code":0,"ICcard_error_msg":"IC读卡器禁能成功！","result_code":0,"result_msg":"success"}

2021-03-31 13:55:23: <   info> hardware: (456c) : ICcardenable =>
2021-03-31 13:55:23: <   info> hardware: (456c) : ICcardenable result:{"ICcard_error_code":0,"ICcard_error_msg":"IC读卡器使能成功！","result_code":0,"result_msg":"success"}

2021-03-31 13:58:42: <   info> hardware: (4d60) : HardWareInit =>
2021-03-31 13:58:42: <   info> hardware: (4d60) : HardWareInit VER:KT_NJGYPCC_WIN_1.0.9
2021-03-31 13:58:42: <   info> hardware: (4d60) : dll path:
2021-03-31 13:58:42: <   info> hardware: (4d60) : D:/golang/myaddon/build/Release
2021-03-31 13:58:42: <   info> hardware: (4d60) : HardWareInit inijs:{"System":{"authorization_code":"754a0b2598ffa1839ea165829918396d1a06967e7de87304"}, 								   "CoinDevType":{"coin_type":"-1","national_cny":"1","serial_coin_in":"COM1","include_coin_out_half":"1","include_coin_out_one":"1","box_coin_out_one":"1","serial_coin_out_half":"2","serial_coin_out_one":"3"}, 								   "CashInDevType":{"cash_in_type":"-1","serial_cash_in":"COM1","cash_accept":"63","cash_model":"0"}, 								   "CashOutDevType":{"cash_out_type":"-1","serial_cash_out":"COM1","cashbox_num":"2","cashbox0_money_type":"20","cashbox1_money_type":"5","cashbox2_money_type":"-1","cashbox3_money_type":"-1","cashbox4_money_type":"-1","cashbox5_money_type":"-1","cashbox0_ID":"137","cashbox1_ID":"134","cashbox2_ID":"-1","cashbox3_ID":"-1","cashbox4_ID":"-1","cashbox5_ID":"-1","country_currentcy":"0"}, 								   "UnionDevType":{"union_type":"-1","serial_union":"COM1","union_zhongyu":"1","union_BsweepC":"0"}, 								   "PrinterDevType":{"printer_type":"-1","serial_printer":"COM1","baudrate_printer":"19200"}, 								   "ICcardDevType":{"iCcard_type":"2","serial_iccard":"2", "serial_Type":"0"}, 								   "SensorDevType":{"SensorDev_Type":"-1","serial_sensor":"COM1"}, 								   "TrafficDevType":{"traffic_type":"-1","serial_traffic":"COM1", "industrycode_traffic":"01", "usercode_traffic":"01", "deviceid_traffic":"01", "units_traffic":"01"}, 								   "LockDevType":{"LockDev_Type":"-1","serial_lock":"COM1"} }
2021-03-31 13:58:42: <   info> hardware: (4d60) : HardWareInit 创建读卡器线程
2021-03-31 13:58:42: <   info> hardware: (2c8c) : callGoThread in thread deviceName:icCard
2021-03-31 13:58:43: <   info> hardware: (4d60) : HardWareInit result:{"data":[{"dev_name":"coin","init_msg":"不包含硬币器模块","init_result":false},{"dev_name":"printer","init_msg":"不包含打印机模块","init_result":false},{"dev_name":"traffic","init_msg":"不包含交通卡模块","init_result":false},{"dev_name":"icCard","init_msg":"IC读卡器初始化成功","init_result":true},{"dev_name":"lock","init_msg":"不包含锁模块","init_result":false},{"dev_name":"sensor","init_msg":"不包含传感器模块","init_result":false},{"dev_name":"cashin","init_msg":"不包含纸币接收器模块","init_result":false}],"result_code":0,"result_msg":"success"}

2021-03-31 13:58:43: <   info> hardware: (4d60) : ICcarddisable =>
2021-03-31 13:58:43: <   info> hardware: (4d60) : ICcarddisable result:{"ICcard_error_code":0,"ICcard_error_msg":"IC读卡器禁能成功！","result_code":0,"result_msg":"success"}

2021-03-31 13:58:43: <   info> hardware: (4d60) : ICcardenable =>
2021-03-31 13:58:43: <   info> hardware: (4d60) : ICcardenable result:{"ICcard_error_code":0,"ICcard_error_msg":"IC读卡器使能成功！","result_code":0,"result_msg":"success"}

2021-03-31 14:00:41: <   info> hardware: (0b70) : HardWareInit =>
2021-03-31 14:00:41: <   info> hardware: (0b70) : HardWareInit VER:KT_NJGYPCC_WIN_1.0.9
2021-03-31 14:00:41: <   info> hardware: (0b70) : dll path:
2021-03-31 14:00:41: <   info> hardware: (0b70) : D:/golang/myaddon/build/Release
2021-03-31 14:00:41: <   info> hardware: (0b70) : HardWareInit inijs:{"System":{"authorization_code":"754a0b2598ffa1839ea165829918396d1a06967e7de87304"}, 								   "CoinDevType":{"coin_type":"-1","national_cny":"1","serial_coin_in":"COM1","include_coin_out_half":"1","include_coin_out_one":"1","box_coin_out_one":"1","serial_coin_out_half":"2","serial_coin_out_one":"3"}, 								   "CashInDevType":{"cash_in_type":"-1","serial_cash_in":"COM1","cash_accept":"63","cash_model":"0"}, 								   "CashOutDevType":{"cash_out_type":"-1","serial_cash_out":"COM1","cashbox_num":"2","cashbox0_money_type":"20","cashbox1_money_type":"5","cashbox2_money_type":"-1","cashbox3_money_type":"-1","cashbox4_money_type":"-1","cashbox5_money_type":"-1","cashbox0_ID":"137","cashbox1_ID":"134","cashbox2_ID":"-1","cashbox3_ID":"-1","cashbox4_ID":"-1","cashbox5_ID":"-1","country_currentcy":"0"}, 								   "UnionDevType":{"union_type":"-1","serial_union":"COM1","union_zhongyu":"1","union_BsweepC":"0"}, 								   "PrinterDevType":{"printer_type":"-1","serial_printer":"COM1","baudrate_printer":"19200"}, 								   "ICcardDevType":{"iCcard_type":"2","serial_iccard":"2", "serial_Type":"0"}, 								   "SensorDevType":{"SensorDev_Type":"-1","serial_sensor":"COM1"}, 								   "TrafficDevType":{"traffic_type":"-1","serial_traffic":"COM1", "industrycode_traffic":"01", "usercode_traffic":"01", "deviceid_traffic":"01", "units_traffic":"01"}, 								   "LockDevType":{"LockDev_Type":"-1","serial_lock":"COM1"} }
2021-03-31 14:00:41: <   info> hardware: (0b70) : HardWareInit 创建读卡器线程
2021-03-31 14:00:41: <   info> hardware: (2fe8) : callGoThread in thread deviceName:icCard
2021-03-31 14:00:42: <   info> hardware: (0b70) : HardWareInit result:{"data":[{"dev_name":"coin","init_msg":"不包含硬币器模块","init_result":false},{"dev_name":"printer","init_msg":"不包含打印机模块","init_result":false},{"dev_name":"traffic","init_msg":"不包含交通卡模块","init_result":false},{"dev_name":"icCard","init_msg":"IC读卡器初始化成功","init_result":true},{"dev_name":"lock","init_msg":"不包含锁模块","init_result":false},{"dev_name":"sensor","init_msg":"不包含传感器模块","init_result":false},{"dev_name":"cashin","init_msg":"不包含纸币接收器模块","init_result":false}],"result_code":0,"result_msg":"success"}

2021-03-31 14:00:42: <   info> hardware: (0b70) : ICcarddisable =>
2021-03-31 14:00:42: <   info> hardware: (0b70) : ICcarddisable result:{"ICcard_error_code":0,"ICcard_error_msg":"IC读卡器禁能成功！","result_code":0,"result_msg":"success"}

2021-03-31 14:00:42: <   info> hardware: (0b70) : ICcardenable =>
2021-03-31 14:00:42: <   info> hardware: (0b70) : ICcardenable result:{"ICcard_error_code":0,"ICcard_error_msg":"IC读卡器使能成功！","result_code":0,"result_msg":"success"}

