d:\golang\myaddon\sdk2_1\sdk2_1\x64\release\sdk2_1.pch
d:\golang\myaddon\sdk2_1\sdk2_1\x64\release\vc140.pdb
d:\golang\myaddon\sdk2_1\sdk2_1\x64\release\stdafx.obj
d:\golang\myaddon\sdk2_1\sdk2_1\x64\release\dllmain.obj
d:\golang\myaddon\sdk2_1\sdk2_1\x64\release\sdk2_1.obj
c:\program files\nodejs\nodejs_call_c_cc-master\napi\nodejs-dynamiclink-example-master\myaddon\sdk2_1\x64\release\sdk2_1.dll
c:\program files\nodejs\nodejs_call_c_cc-master\napi\nodejs-dynamiclink-example-master\myaddon\sdk2_1\x64\release\sdk2_1.ipdb
c:\program files\nodejs\nodejs_call_c_cc-master\napi\nodejs-dynamiclink-example-master\myaddon\sdk2_1\x64\release\sdk2_1.iobj
c:\program files\nodejs\nodejs_call_c_cc-master\napi\nodejs-dynamiclink-example-master\myaddon\sdk2_1\x64\release\sdk2_1.pdb
d:\golang\myaddon\sdk2_1\x64\release\sdk2_1.dll
d:\golang\myaddon\sdk2_1\x64\release\sdk2_1.ipdb
d:\golang\myaddon\sdk2_1\x64\release\sdk2_1.iobj
d:\golang\myaddon\sdk2_1\x64\release\sdk2_1.pdb
c:\program files\nodejs\nodejs_call_c_cc-master\napi\nodejs-dynamiclink-example-master\myaddon\sdk2_1\x64\release\sdk2_1.lib
c:\program files\nodejs\nodejs_call_c_cc-master\napi\nodejs-dynamiclink-example-master\myaddon\sdk2_1\x64\release\sdk2_1.exp
d:\commit\basedonthecomponent\hwlib\kt_njgypcc_1.0.0\nodejs-dynamiclink-example-master\myaddon\sdk2_1\x64\release\sdk2_1.lib
d:\commit\basedonthecomponent\hwlib\kt_njgypcc_1.0.0\nodejs-dynamiclink-example-master\myaddon\sdk2_1\x64\release\sdk2_1.exp
d:\golang\myaddon\sdk2_1\x64\release\sdk2_1.lib
d:\golang\myaddon\sdk2_1\x64\release\sdk2_1.exp
d:\golang\myaddon\sdk2_1\sdk2_1\x64\release\sdk2_1.tlog\cl.command.1.tlog
d:\golang\myaddon\sdk2_1\sdk2_1\x64\release\sdk2_1.tlog\cl.read.1.tlog
d:\golang\myaddon\sdk2_1\sdk2_1\x64\release\sdk2_1.tlog\cl.write.1.tlog
d:\golang\myaddon\sdk2_1\sdk2_1\x64\release\sdk2_1.tlog\link.command.1.tlog
d:\golang\myaddon\sdk2_1\sdk2_1\x64\release\sdk2_1.tlog\link.read.1.tlog
d:\golang\myaddon\sdk2_1\sdk2_1\x64\release\sdk2_1.tlog\link.write.1.tlog
d:\golang\myaddon\sdk2_1\sdk2_1\x64\release\sdk2_1.tlog\sdk2_1.write.1u.tlog
