0 info it worked if it ends with ok
1 verbose cli [
1 verbose cli   'C:\\Program Files\\nodejs\\node.exe',
1 verbose cli   'C:\\Program Files\\nodejs\\node_modules\\npm\\bin\\npm-cli.js',
1 verbose cli   'install'
1 verbose cli ]
2 info using npm@6.13.4
3 info using node@v12.14.0
4 verbose npm-session c1c215629de98b8b
5 silly install runPreinstallTopLevelLifecycles
6 silly preinstall myaddon@1.0.0
7 info lifecycle myaddon@1.0.0~preinstall: myaddon@1.0.0
8 silly install loadCurrentTree
9 silly install readLocalPackageData
10 timing stage:loadCurrentTree Completed in 82ms
11 silly install loadIdealTree
12 silly install cloneCurrentTreeToIdealTree
13 timing stage:loadIdealTree:cloneCurrentTree Completed in 1ms
14 silly install loadShrinkwrap
15 timing stage:loadIdealTree:loadShrinkwrap Completed in 7ms
16 silly install loadAllDepsIntoIdealTree
17 timing stage:loadIdealTree:loadAllDepsIntoIdealTree Completed in 3ms
18 timing stage:loadIdealTree Completed in 12ms
19 silly currentTree myaddon@1.0.0
19 silly currentTree +-- bindings@1.3.1
19 silly currentTree `-- node-addon-api@1.7.1
20 silly idealTree myaddon@1.0.0
20 silly idealTree +-- bindings@1.3.1
20 silly idealTree `-- node-addon-api@1.7.1
21 silly install generateActionsToTake
22 timing stage:generateActionsToTake Completed in 2ms
23 silly diffTrees action count 0
24 silly decomposeActions action count 0
25 silly install executeActions
26 silly doSerial global-install 0
27 verbose correctMkdir C:\Program Files\nodejs\nodejs_call_c_cc-master\napi\nodejs-dynamiclink-example-master\myaddon\node_cache\_locks correctMkdir not in flight; initializing
28 verbose makeCacheDir UID & GID are irrelevant on win32
29 verbose lock using C:\Program Files\nodejs\nodejs_call_c_cc-master\napi\nodejs-dynamiclink-example-master\myaddon\node_cache\_locks\staging-25c376d7efd55989.lock for C:\Program Files\nodejs\nodejs_call_c_cc-master\napi\nodejs-dynamiclink-example-master\myaddon\node_modules\.staging
30 silly doParallel extract 0
31 silly doReverseSerial unbuild 0
32 silly doSerial remove 0
33 silly doSerial move 0
34 silly doSerial finalize 0
35 silly doParallel refresh-package-json 0
36 silly doParallel preinstall 0
37 silly doSerial build 0
38 silly doSerial global-link 0
39 silly doParallel update-linked 0
40 silly doSerial install 0
41 silly doSerial postinstall 0
42 verbose unlock done using C:\Program Files\nodejs\nodejs_call_c_cc-master\napi\nodejs-dynamiclink-example-master\myaddon\node_cache\_locks\staging-25c376d7efd55989.lock for C:\Program Files\nodejs\nodejs_call_c_cc-master\napi\nodejs-dynamiclink-example-master\myaddon\node_modules\.staging
43 timing stage:executeActions Completed in 373ms
44 timing stage:rollbackFailedOptional Completed in 0ms
45 silly install runPostinstallTopLevelLifecycles
46 silly build myaddon@1.0.0
47 info linkStuff myaddon@1.0.0
48 silly linkStuff myaddon@1.0.0 has C:\Program Files\nodejs\nodejs_call_c_cc-master\napi\nodejs-dynamiclink-example-master as its parent node_modules
49 silly install myaddon@1.0.0
50 info lifecycle myaddon@1.0.0~install: myaddon@1.0.0
51 verbose lifecycle myaddon@1.0.0~install: unsafe-perm in lifecycle true
52 verbose lifecycle myaddon@1.0.0~install: PATH: C:\Program Files\nodejs\node_modules\npm\node_modules\npm-lifecycle\node-gyp-bin;C:\Program Files\nodejs\nodejs_call_c_cc-master\napi\nodejs-dynamiclink-example-master\myaddon\node_modules\.bin;C:\Perl64\site\bin;C:\Perl64\bin;C:\WINDOWS\system32;C:\WINDOWS;C:\WINDOWS\System32\Wbem;C:\WINDOWS\System32\WindowsPowerShell\v1.0\;c:\Program Files (x86)\Microsoft SQL Server\90\Tools\binn\;C:\Program Files\TortoiseSVN\bin;E:\install\qq\Bin;C:\Users\yeyongbo\.dnx\bin;C:\Program Files\Microsoft DNX\Dnvm\;C:\MinGW\bin;C:\Program Files\erl9.1\bin;C:\Program Files\RabbitMQ Server\rabbitmq_server-3.7.0\sbin;C:\Program Files (x86)\Visual Leak Detector\bin\Win32;C:\Program Files (x86)\Visual Leak Detector\bin\Win64;f:\Program Files (x86)\Bitvise SSH Client;C:\WINDOWS\System32\OpenSSH\;C:\Program Files\Microsoft SQL Server\110\Tools\Binn\;C:\Program Files (x86)\Gpg4win\..\GnuPG\bin;C:\Program Files (x86)\Microsoft SDKs\TypeScript\1.0\;C:\Program Files\Microsoft SQL Server\120\Tools\Binn\;C:\Program Files\dotnet\;C:\Program Files\Android\jdk\microsoft_dist_openjdk_1.8.0.25\bin;C:\Program Files (x86)\GnuWin32\bin;C:\Program Files\Darwin Streaming Server;C:\Program Files (x86)\MySQL\MySQL Server 5.5\bin;C:\Program Files\Microsoft Network Monitor 3\;C:\Program Files\nodejs\;C:\Users\yeyongbo\.windows-build-tools\python27\;C:\Users\yeyongbo\.windows-build-tools\python27\;C:\Users\yeyongbo\AppData\Local\Microsoft\WindowsApps;C:\Users\yeyongbo\AppData\Local\GitHubDesktop\bin;C:\Users\yeyongbo\AppData\Local\Microsoft\WindowsApps;F:\bitvise\nuget;F:\bitvise\redis-server\Redis-x64-3.2.100;C:\Program Files (x86)\Microsoft Visual Studio\2017\Community\VC\Tools\MSVC\14.16.27023\bin\Hostx86\x86;C:\Users\yeyongbo\AppData\Local\Programs\Microsoft VS Code\bin;C:\Users\yeyongbo\AppData\Local\Pandoc\;C:\Users\yeyongbo\AppData\Local\Android\Sdk\platform-tools;F:\android-ndk-r10e-windows-x86\android-ndk-r10e;C:\sqlite;C:\Program Files\nodejs\node_global;C:\Users\yeyongbo\AppData\Roaming\npm
53 verbose lifecycle myaddon@1.0.0~install: CWD: C:\Program Files\nodejs\nodejs_call_c_cc-master\napi\nodejs-dynamiclink-example-master\myaddon
54 silly lifecycle myaddon@1.0.0~install: Args: [ '/d /s /c', 'node-gyp rebuild' ]
55 timing audit submit Completed in 2276ms
56 http fetch POST 200 https://registry.npmjs.org/-/npm/v1/security/audits/quick 2277ms
57 timing audit body Completed in 1ms
58 silly lifecycle myaddon@1.0.0~install: Returned: code: 1  signal: null
59 info lifecycle myaddon@1.0.0~install: Failed to exec install script
60 verbose stack Error: myaddon@1.0.0 install: `node-gyp rebuild`
60 verbose stack Exit status 1
60 verbose stack     at EventEmitter.<anonymous> (C:\Program Files\nodejs\node_modules\npm\node_modules\npm-lifecycle\index.js:332:16)
60 verbose stack     at EventEmitter.emit (events.js:210:5)
60 verbose stack     at ChildProcess.<anonymous> (C:\Program Files\nodejs\node_modules\npm\node_modules\npm-lifecycle\lib\spawn.js:55:14)
60 verbose stack     at ChildProcess.emit (events.js:210:5)
60 verbose stack     at maybeClose (internal/child_process.js:1021:16)
60 verbose stack     at Process.ChildProcess._handle.onexit (internal/child_process.js:283:5)
61 verbose pkgid myaddon@1.0.0
62 verbose cwd C:\Program Files\nodejs\nodejs_call_c_cc-master\napi\nodejs-dynamiclink-example-master\myaddon
63 verbose Windows_NT 10.0.17134
64 verbose argv "C:\\Program Files\\nodejs\\node.exe" "C:\\Program Files\\nodejs\\node_modules\\npm\\bin\\npm-cli.js" "install"
65 verbose node v12.14.0
66 verbose npm  v6.13.4
67 error code ELIFECYCLE
68 error errno 1
69 error myaddon@1.0.0 install: `node-gyp rebuild`
69 error Exit status 1
70 error Failed at the myaddon@1.0.0 install script.
70 error This is probably not a problem with npm. There is likely additional logging output above.
71 verbose exit [ 1, true ]
